This file contains any messages produced by compilers while
running configure, to aid debugging if configure makes a mistake.

It was created by ayylmao configure 0.1, which was
generated by GNU Autoconf 2.69.  Invocation command line was

  $ ./configure 

## --------- ##
## Platform. ##
## --------- ##

hostname = grimoire
uname -m = x86_64
uname -r = 4.19.0-4-amd64
uname -s = Linux
uname -v = #1 SMP Debian 4.19.28-2 (2019-03-15)

/usr/bin/uname -p = unknown
/bin/uname -X     = unknown

/bin/arch              = unknown
/usr/bin/arch -k       = unknown
/usr/convex/getsysinfo = unknown
/usr/bin/hostinfo      = unknown
/bin/machine           = unknown
/usr/bin/oslevel       = unknown
/bin/universe          = unknown

PATH: /home/thedevilsvoice/.cargo/bin
PATH: /usr/local/bin
PATH: /usr/bin
PATH: /bin
PATH: /usr/local/games
PATH: /usr/games


## ----------- ##
## Core tests. ##
## ----------- ##

configure:1841: checking for gcc
configure:1857: found /usr/bin/gcc
configure:1868: result: gcc
configure:2097: checking for C compiler version
configure:2106: gcc --version >&5
gcc (Debian 6.3.0-18+deb9u1) 6.3.0 20170516
Copyright (C) 2016 Free Software Foundation, Inc.
This is free software; see the source for copying conditions.  There is NO
warranty; not even for MERCHANTABILITY or FITNESS FOR A PARTICULAR PURPOSE.

configure:2117: $? = 0
configure:2106: gcc -v >&5
Using built-in specs.
COLLECT_GCC=gcc
COLLECT_LTO_WRAPPER=/usr/lib/gcc/x86_64-linux-gnu/6/lto-wrapper
Target: x86_64-linux-gnu
Configured with: ../src/configure -v --with-pkgversion='Debian 6.3.0-18+deb9u1' --with-bugurl=file:///usr/share/doc/gcc-6/README.Bugs --enable-languages=c,ada,c++,java,go,d,fortran,objc,obj-c++ --prefix=/usr --program-suffix=-6 --program-prefix=x86_64-linux-gnu- --enable-shared --enable-linker-build-id --libexecdir=/usr/lib --without-included-gettext --enable-threads=posix --libdir=/usr/lib --enable-nls --with-sysroot=/ --enable-clocale=gnu --enable-libstdcxx-debug --enable-libstdcxx-time=yes --with-default-libstdcxx-abi=new --enable-gnu-unique-object --disable-vtable-verify --enable-libmpx --enable-plugin --enable-default-pie --with-system-zlib --disable-browser-plugin --enable-java-awt=gtk --enable-gtk-cairo --with-java-home=/usr/lib/jvm/java-1.5.0-gcj-6-amd64/jre --enable-java-home --with-jvm-root-dir=/usr/lib/jvm/java-1.5.0-gcj-6-amd64 --with-jvm-jar-dir=/usr/lib/jvm-exports/java-1.5.0-gcj-6-amd64 --with-arch-directory=amd64 --with-ecj-jar=/usr/share/java/eclipse-ecj.jar --with-target-system-zlib --enable-objc-gc=auto --enable-multiarch --with-arch-32=i686 --with-abi=m64 --with-multilib-list=m32,m64,mx32 --enable-multilib --with-tune=generic --enable-checking=release --build=x86_64-linux-gnu --host=x86_64-linux-gnu --target=x86_64-linux-gnu
Thread model: posix
gcc version 6.3.0 20170516 (Debian 6.3.0-18+deb9u1) 
configure:2117: $? = 0
configure:2106: gcc -V >&5
gcc: error: unrecognized command line option '-V'
gcc: fatal error: no input files
compilation terminated.
configure:2117: $? = 1
configure:2106: gcc -qversion >&5
gcc: error: unrecognized command line option '-qversion'; did you mean '--version'?
gcc: fatal error: no input files
compilation terminated.
configure:2117: $? = 1
configure:2137: checking whether the C compiler works
configure:2159: gcc    conftest.c  >&5
configure:2163: $? = 0
configure:2211: result: yes
configure:2214: checking for C compiler default output file name
configure:2216: result: a.out
configure:2222: checking for suffix of executables
configure:2229: gcc -o conftest    conftest.c  >&5
configure:2233: $? = 0
configure:2255: result: 
configure:2277: checking whether we are cross compiling
configure:2285: gcc -o conftest    conftest.c  >&5
configure:2289: $? = 0
configure:2296: ./conftest
configure:2300: $? = 0
configure:2315: result: no
configure:2320: checking for suffix of object files
configure:2342: gcc -c   conftest.c >&5
configure:2346: $? = 0
configure:2367: result: o
configure:2371: checking whether we are using the GNU C compiler
configure:2390: gcc -c   conftest.c >&5
configure:2390: $? = 0
configure:2399: result: yes
configure:2408: checking whether gcc accepts -g
configure:2428: gcc -c -g  conftest.c >&5
configure:2428: $? = 0
configure:2469: result: yes
configure:2486: checking for gcc option to accept ISO C89
configure:2549: gcc  -c -g -O2  conftest.c >&5
configure:2549: $? = 0
configure:2562: result: none needed
configure:2586: checking for main in -lm
configure:2605: gcc -o conftest -g -O2   conftest.c -lm   >&5
configure:2605: $? = 0
configure:2614: result: yes
configure:2748: creating ./config.status

## ---------------------- ##
## Running config.status. ##
## ---------------------- ##

This file was extended by ayylmao config.status 0.1, which was
generated by GNU Autoconf 2.69.  Invocation command line was

  CONFIG_FILES    = 
  CONFIG_HEADERS  = 
  CONFIG_LINKS    = 
  CONFIG_COMMANDS = 
  $ ./config.status 

on grimoire

config.status:772: error: cannot find input file: `Makefile.in'

## ---------------- ##
## Cache variables. ##
## ---------------- ##

ac_cv_c_compiler_gnu=yes
ac_cv_env_CC_set=
ac_cv_env_CC_value=
ac_cv_env_CFLAGS_set=
ac_cv_env_CFLAGS_value=
ac_cv_env_CPPFLAGS_set=
ac_cv_env_CPPFLAGS_value=
ac_cv_env_LDFLAGS_set=
ac_cv_env_LDFLAGS_value=
ac_cv_env_LIBS_set=
ac_cv_env_LIBS_value=
ac_cv_env_build_alias_set=
ac_cv_env_build_alias_value=
ac_cv_env_host_alias_set=
ac_cv_env_host_alias_value=
ac_cv_env_target_alias_set=
ac_cv_env_target_alias_value=
ac_cv_lib_m_main=yes
ac_cv_objext=o
ac_cv_prog_ac_ct_CC=gcc
ac_cv_prog_cc_c89=
ac_cv_prog_cc_g=yes

## ----------------- ##
## Output variables. ##
## ----------------- ##

CC='gcc'
CFLAGS='-g -O2'
CPPFLAGS=''
DEFS='-DHAVE_CONFIG_H'
ECHO_C=''
ECHO_N='-n'
ECHO_T=''
EXEEXT=''
LDFLAGS=''
LIBOBJS=''
LIBS='-lm '
LTLIBOBJS=''
OBJEXT='o'
PACKAGE_BUGREPORT='franklin@bitsmasher.net'
PACKAGE_NAME='ayylmao'
PACKAGE_STRING='ayylmao 0.1'
PACKAGE_TARNAME='ayylmao'
PACKAGE_URL=''
PACKAGE_VERSION='0.1'
PATH_SEPARATOR=':'
SHELL='/bin/bash'
ac_ct_CC='gcc'
bindir='${exec_prefix}/bin'
build_alias=''
datadir='${datarootdir}'
datarootdir='${prefix}/share'
docdir='${datarootdir}/doc/${PACKAGE_TARNAME}'
dvidir='${docdir}'
exec_prefix='${prefix}'
host_alias=''
htmldir='${docdir}'
includedir='${prefix}/include'
infodir='${datarootdir}/info'
libdir='${exec_prefix}/lib'
libexecdir='${exec_prefix}/libexec'
localedir='${datarootdir}/locale'
localstatedir='${prefix}/var'
mandir='${datarootdir}/man'
oldincludedir='/usr/include'
pdfdir='${docdir}'
prefix='/usr/local'
program_transform_name='s,x,x,'
psdir='${docdir}'
runstatedir='${localstatedir}/run'
sbindir='${exec_prefix}/sbin'
sharedstatedir='${prefix}/com'
sysconfdir='${prefix}/etc'
target_alias=''

## ----------- ##
## confdefs.h. ##
## ----------- ##

/* confdefs.h */
#define PACKAGE_NAME "ayylmao"
#define PACKAGE_TARNAME "ayylmao"
#define PACKAGE_VERSION "0.1"
#define PACKAGE_STRING "ayylmao 0.1"
#define PACKAGE_BUGREPORT "franklin@bitsmasher.net"
#define PACKAGE_URL ""
#define HAVE_LIBM 1

configure: exit 1
